<?xml version="1.0" encoding="UTF-8"?>
<robot generator="Robot 3.1.2 (Python 3.8.2 on win32)" generated="20200313 17:57:08.352" rpa="false">
<suite id="s1" name="Ts1" source="F:\Selenium_projects\RobotTest\Basicstwo\Ts1.robot">
<test id="s1-t1" name="Logintest">
<kw name="Open Browser" library="SeleniumLibrary">
<doc>Opens a new browser instance to the optional ``url``.</doc>
<arguments>
<arg>${URL1}</arg>
<arg>chrome</arg>
</arguments>
<msg timestamp="20200313 17:57:08.891" level="INFO">Opening browser 'chrome' to base url 'http://www.google.com'.</msg>
<status status="PASS" starttime="20200313 17:57:08.890" endtime="20200313 17:57:34.895"></status>
</kw>
<kw name="Set Browser Implicit Wait" library="SeleniumLibrary">
<doc>Sets the implicit wait value used by Selenium.</doc>
<arguments>
<arg>10</arg>
</arguments>
<status status="PASS" starttime="20200313 17:57:34.896" endtime="20200313 17:57:34.899"></status>
</kw>
<kw name="Input Text" library="SeleniumLibrary">
<doc>Types the given ``text`` into the text field identified by ``locator``.</doc>
<arguments>
<arg>name=q</arg>
<arg>opensource.demo.orangehrmlive.com</arg>
</arguments>
<msg timestamp="20200313 17:57:34.900" level="INFO">Typing text 'opensource.demo.orangehrmlive.com' into text field 'name=q'.</msg>
<status status="PASS" starttime="20200313 17:57:34.899" endtime="20200313 17:57:35.671"></status>
</kw>
<kw name="Click Button" library="SeleniumLibrary">
<doc>Clicks the button identified by ``locator``.</doc>
<arguments>
<arg>name=btnK</arg>
</arguments>
<msg timestamp="20200313 17:57:35.672" level="INFO">Clicking button 'name=btnK'.</msg>
<status status="PASS" starttime="20200313 17:57:35.672" endtime="20200313 17:57:38.059"></status>
</kw>
<kw name="Click Link" library="SeleniumLibrary">
<doc>Clicks a link identified by ``locator``.</doc>
<arguments>
<arg>https://opensource-demo.orangehrmlive.com/</arg>
</arguments>
<msg timestamp="20200313 17:57:38.061" level="INFO">Clicking link 'https://opensource-demo.orangehrmlive.com/'.</msg>
<status status="PASS" starttime="20200313 17:57:38.061" endtime="20200313 17:57:40.190"></status>
</kw>
<kw name="Loginkw">
<kw name="Input Text" library="SeleniumLibrary">
<doc>Types the given ``text`` into the text field identified by ``locator``.</doc>
<arguments>
<arg>name=txtUsername</arg>
<arg>@{Credentials}[0]</arg>
</arguments>
<msg timestamp="20200313 17:57:40.192" level="INFO">Typing text 'Admin' into text field 'name=txtUsername'.</msg>
<status status="PASS" starttime="20200313 17:57:40.191" endtime="20200313 17:57:40.398"></status>
</kw>
<kw name="Input Password" library="SeleniumLibrary">
<doc>Types the given password into the text field identified by ``locator``.</doc>
<arguments>
<arg>name=txtPassword</arg>
<arg>&amp;{LoginData}[password]</arg>
</arguments>
<msg timestamp="20200313 17:57:40.399" level="INFO">Typing password into text field 'name=txtPassword'.</msg>
<msg timestamp="20200313 17:57:40.502" level="INFO">Temporally setting log level to: NONE</msg>
<msg timestamp="20200313 17:57:40.621" level="INFO">Log level changed from NONE to INFO.</msg>
<status status="PASS" starttime="20200313 17:57:40.398" endtime="20200313 17:57:40.621"></status>
</kw>
<status status="PASS" starttime="20200313 17:57:40.191" endtime="20200313 17:57:40.622"></status>
</kw>
<kw name="Click Button" library="SeleniumLibrary">
<doc>Clicks the button identified by ``locator``.</doc>
<arguments>
<arg>name=Submit</arg>
</arguments>
<msg timestamp="20200313 17:57:40.623" level="INFO">Clicking button 'name=Submit'.</msg>
<status status="PASS" starttime="20200313 17:57:40.622" endtime="20200313 17:57:42.610"></status>
</kw>
<kw name="Click Element" library="SeleniumLibrary">
<doc>Click the element identified by ``locator``.</doc>
<arguments>
<arg>id=welcome</arg>
</arguments>
<msg timestamp="20200313 17:57:42.611" level="INFO">Clicking element 'id=welcome'.</msg>
<status status="PASS" starttime="20200313 17:57:42.611" endtime="20200313 17:57:42.761"></status>
</kw>
<kw name="Click Element" library="SeleniumLibrary">
<doc>Click the element identified by ``locator``.</doc>
<arguments>
<arg>link=Logout</arg>
</arguments>
<msg timestamp="20200313 17:57:42.763" level="INFO">Clicking element 'link=Logout'.</msg>
<status status="PASS" starttime="20200313 17:57:42.762" endtime="20200313 17:57:45.427"></status>
</kw>
<kw name="Close Browser" library="SeleniumLibrary">
<doc>Closes the current browser.</doc>
<status status="PASS" starttime="20200313 17:57:45.428" endtime="20200313 17:57:47.589"></status>
</kw>
<kw name="Log" library="BuiltIn">
<doc>Logs the given message with the given level.</doc>
<arguments>
<arg>Test completed</arg>
</arguments>
<msg timestamp="20200313 17:57:47.590" level="INFO">Test completed</msg>
<status status="PASS" starttime="20200313 17:57:47.590" endtime="20200313 17:57:47.591"></status>
</kw>
<kw name="Log" library="BuiltIn">
<doc>Logs the given message with the given level.</doc>
<arguments>
<arg>This test was donne by %{username} and on %{os}</arg>
</arguments>
<msg timestamp="20200313 17:57:47.592" level="INFO">This test was donne by s and on Windows_NT</msg>
<status status="PASS" starttime="20200313 17:57:47.591" endtime="20200313 17:57:47.592"></status>
</kw>
<tags>
<tag>Sanity test</tag>
</tags>
<status status="PASS" starttime="20200313 17:57:08.888" endtime="20200313 17:57:47.592" critical="yes"></status>
</test>
<status status="PASS" starttime="20200313 17:57:08.357" endtime="20200313 17:57:47.594"></status>
</suite>
<statistics>
<total>
<stat pass="1" fail="0">Critical Tests</stat>
<stat pass="1" fail="0">All Tests</stat>
</total>
<tag>
<stat pass="1" fail="0">Sanity test</stat>
</tag>
<suite>
<stat pass="1" fail="0" id="s1" name="Ts1">Ts1</stat>
</suite>
</statistics>
<errors>
</errors>
</robot>
